[backblue.gif]
[fade.gif]
[index.html]
[s.st-firmy.net/firmy/js/cold,1bd2719f057.js]
[s.st-firmy.net/firmy/js/basic,d0190665b0b.js]
[s.st-firmy.net/firmy/js/gMap,8b587eea80b.js]
[s.st-firmy.net/firmy/js/hot,bc2119cf3d0.js]
[s.st-firmy.net/firmy/js/card,13fa8700f8e.js]
[i.st-firmy.net/9qq9bqm/logo.jpg]
[s.st-firmy.net/firmy/gfx/layouts/fotos/14.jpg]
[s.st-firmy.net/firmy/gfx/pixel-gray.png]
[i.st-firmy.net/998h7sm/trening-i-terapia-eeg-biofeedback-dr-tadeusz-habdank-wojewodzki-graphene-quantec.jpg]
[i.st-firmy.net/9qw9bhm/quantum-holopedia-krakow-biorezonans-healy.jpg]
[i.st-firmy.net/9qqsgvm/eeg-biofeedback-quantum-holopedia.jpg]
[i.st-firmy.net/9qwftrm/eeg-biofeedback-i-biorezonans-healy-quantum-holopedia.jpg]
[i.st-firmy.net/9qwpkfm/healy-bioresonance-krakow.jpg]
[i.st-firmy.net/9qw9hmm/biorezonatory-quantum-holopedia.jpg]
[i.st-firmy.net/9qqdcym/holobiofeedback-quantum-holopedia.jpg]
[i.st-firmy.net/99bvxfm/siedziba.jpg]
[quantum-holopedia.firmy.net/produkty-i-uslugi.html]
[s.st-firmy.net/firmy/css/cold,1752e2ad5ee.css]
[s.st-firmy.net/firmy/gfx/cards/business/sprite-icons_03.png]
[s.st-firmy.net/firmy/gfx/cards/business/sprite-buttons.png]
[s.st-firmy.net/firmy/gfx/cards/business/sprite-icons-deals.png]
[s.st-firmy.net/firmy/gfx/cards/business/sprite-icons_03@2x.png]
[s.st-firmy.net/firmy/gfx/bullet-f.png]
[s.st-firmy.net/firmy/gfx/cards/business/sprite-buttons@2x.png]
[s.st-firmy.net/firmy/gfx/bullet-f@2x.png]
[s.st-firmy.net/firmy/gfx/logo.png]
[s.st-firmy.net/firmy/gfx/references/dialog-bg.png]
[s.st-firmy.net/firmy/gfx/references/buttons-sprite.png]
[s.st-firmy.net/firmy/gfx/references/temp/template-02-top.png]
[s.st-firmy.net/gfx/references/temp/template-02-top.png]
[s.st-firmy.net/firmy/gfx/references/temp/template-03-top.png]
[s.st-firmy.net/gfx/references/temp/template-03-top.png]
[s.st-firmy.net/firmy/gfx/references/temp/template-04-top.png]
[s.st-firmy.net/gfx/references/temp/template-04-top.png]
[s.st-firmy.net/firmy/gfx/references/temp/template-05-top.png]
[s.st-firmy.net/firmy/gfx/references/temp/template-06-top.png]
[s.st-firmy.net/gfx/references/temp/template-06-top.png]
[s.st-firmy.net/firmy/gfx/references/temp/template-07-top.png]
[s.st-firmy.net/gfx/references/temp/template-07-top.png]
[s.st-firmy.net/firmy/gfx/references/temp/template-08-top.png]
[s.st-firmy.net/gfx/references/temp/template-08-top.png]
[s.st-firmy.net/firmy/gfx/cards/wpis/mapa.jpg]
[s.st-firmy.net/firmy/gfx/cards/business/marker.png]
[s.st-firmy.net/firmy/gfx/cards/business/pixel-gray70.png]
[s.st-firmy.net/firmy/gfx/cards/business/pixel-gray.png]
[s.st-firmy.net/firmy/gfx/bullet-info.png]
[s.st-firmy.net/firmy/gfx/bullet-orange-dot.png]
[s.st-firmy.net/firmy/gfx/cards/business/bullet-a.png]
[s.st-firmy.net/firmy/gfx/cards/business/bullet-a@2x.png]
[s.st-firmy.net/firmy/gfx/sprite-buttons.png]
[s.st-firmy.net/firmy/gfx/cards/business/bullet-f.png]
[s.st-firmy.net/firmy/gfx/sprite-icons_05.png]
[s.st-firmy.net/firmy/gfx/sprite-icons_05@2x.png]
[s.st-firmy.net/firmy/gfx/bullet-a.png]
[s.st-firmy.net/firmy/gfx/references-sprite.png]
[s.st-firmy.net/firmy/gfx/cards/business/sprite-icons-deals@2x.png]
[s.st-firmy.net/firmy/gfx/sprite-icons-deals-big.png]
[s.st-firmy.net/firmy/gfx/cards/business/theme-changer.png]
[s.st-firmy.net/firmy/gfx/cards/business/simple-blue/nav-bg.png]
[s.st-firmy.net/firmy/gfx/cards/business/simple-blue/nav-active-bg.png]
[s.st-firmy.net/firmy/gfx/cards/business/silver/body-bg.png]
[s.st-firmy.net/firmy/gfx/cards/business/silver/nav-bg.png]
[s.st-firmy.net/firmy/gfx/cards/business/night-blue/top-bg.png]
[s.st-firmy.net/firmy/gfx/cards/business/blue-sky/top-bg.png]
[s.st-firmy.net/firmy/gfx/cards/business/simple-green/top-bg.png]
[s.st-firmy.net/firmy/gfx/cards/business/burgund/top-bg.png]
[s.st-firmy.net/firmy/gfx/cards/business/pixel-burgund.png]
[s.st-firmy.net/firmy/gfx/cards/business/burgund/bullet-a.png]
[s.st-firmy.net/firmy/gfx/cards/business/burgund/bullet-a@2x.png]
[s.st-firmy.net/firmy/gfx/cards/business/burgund/sprite-icons-deals.png]
[s.st-firmy.net/firmy/gfx/cards/business/burgund/sprite-icons-deals@2x.png]
[s.st-firmy.net/firmy/gfx/cards/business/burgund/burgund-sprite-icons-deals-big.png]
[s.st-firmy.net/firmy/gfx/bullet-a-burgund.png]
[s.st-firmy.net/firmy/gfx/cards/gold/marker.png]
[s.st-firmy.net/firmy/gfx/cards/business/sprite-icons_02.png]
[s.st-firmy.net/firmy/gfx/cards/business/sprite-icons_02@2x.png]
[s.st-firmy.net/firmy/css/desktop-business,a7d010f1463.css]
[www.googletagmanager.com/gtm5445.html]
[i.st-firmy.net/c/409/4094794/gallery/7fe5755eec74ca915c4258106d45c9c8.jpg]
[i.st-firmy.net/c/409/4094794/gallery/182fa713d8ba264b0c4d4d07d7bda72f.jpg]
[i.st-firmy.net/c/409/4094794/gallery/c7ffb2e43433c9450e9e7d66b8faf597.jpg]
[i.st-firmy.net/c/409/4094794/gallery/1bb9d92dd36dc004213c220f8d7ea64e.jpg]
[i.st-firmy.net/c/409/4094794/gallery/172c719b4b555525748861a94424f3a1.jpg]
[i.st-firmy.net/c/409/4094794/gallery/32d0e672fb2e3c1fbefc20659adb3ae1.jpg]
[i.st-firmy.net/c/409/4094794/gallery/191f1ba5692fc4e2a20b8396ab16b01f.jpg]
[i.st-firmy.net/c/409/4094794/gallery/bfe8b50215f1e763d2d0c0fd7276b84b.jpg]
[i.st-firmy.net/c/409/4094794/gallery/29ee9c95a65295d1b0abc694ceffb4b5.jpg]
[i.st-firmy.net/c/409/4094794/gallery/38096a165b1af9599c8c0dbbbef0d8ee.jpg]
[i.st-firmy.net/c/409/4094794/gallery/3320f95b7fe5ced87e9d9af510011d4c.jpg]
[i.st-firmy.net/c/409/4094794/gallery/7ddcdd7284473258db8626ba58e64504.jpg]
[quantum-holopedia.firmy.net/index.html]
[quantum-holopedia.firmy.net/oferta.html]
[i.st-firmy.net/c/409/4094794/activity/5adb80f944946927ce531c6485a8dd14.jpg]
[quantum-holopedia.firmy.net/opis-dzialalnosci.html]
[i.st-firmy.net/c/409/4094794/specialization/32d889e917c26711e892affed3e1c647.jpg]
[i.st-firmy.net/c/409/4094794/specialization/6f508ade3050d6ae1ce4eb983500e536.jpg]
[i.st-firmy.net/c/409/4094794/specialization/23cd058438f1eae8fcbb9d17c94a656b.jpg]
[quantum-holopedia.firmy.net/specjalizacje-i-marki.html]
[quantum-holopedia.firmy.net/galeria.html]
[quantum-holopedia.firmy.net/kontakt.html]
[i.st-firmy.net/998h7ss/trening-i-terapia-eeg-biofeedback-dr-tadeusz-habdank-wojewodzki-graphene-quantec.jpg]
[i.st-firmy.net/998h7sl/trening-i-terapia-eeg-biofeedback-dr-tadeusz-habdank-wojewodzki-graphene-quantec.jpg]
[i.st-firmy.net/9988qrl/trening-i-terapia-eeg-biofeedback-krakow.jpg]
[i.st-firmy.net/9988qrs/trening-i-terapia-eeg-biofeedback-krakow.jpg]
[i.st-firmy.net/9988qcl/dr-tadeusz-habdank-wojewodzki-graphene-quantec-eeg-biofeedback-trening-i-terapia-eeg-biofeedback.jpg]
[i.st-firmy.net/9988qcs/dr-tadeusz-habdank-wojewodzki-graphene-quantec-eeg-biofeedback-trening-i-terapia-eeg-biofeedback.jpg]
[i.st-firmy.net/9988w3l/eeg-biofeedback-trening-i-terapia-eeg-biofeedback-krakow.jpg]
[i.st-firmy.net/9988w3s/eeg-biofeedback-trening-i-terapia-eeg-biofeedback-krakow.jpg]
[i.st-firmy.net/9988w9l/dr-tadeusz-habdank-wojewodzki-graphene-quantec-krakow-trening-i-terapia-eeg-biofeedback.jpg]
[i.st-firmy.net/9988w9s/dr-tadeusz-habdank-wojewodzki-graphene-quantec-krakow-trening-i-terapia-eeg-biofeedback.jpg]
[i.st-firmy.net/9988wwl/dr-tadeusz-habdank-wojewodzki-graphene-quantec-trening-i-terapia-eeg-biofeedback.jpg]
[i.st-firmy.net/9988wws/dr-tadeusz-habdank-wojewodzki-graphene-quantec-trening-i-terapia-eeg-biofeedback.jpg]
[quantum-holopedia.firmy.net/trening-i-terapia-eeg-biofeedback,VS5R.html]
[i.st-firmy.net/9qw9bhs/quantum-holopedia-krakow-biorezonans-healy.jpg]
[i.st-firmy.net/9qw9bhl/quantum-holopedia-krakow-biorezonans-healy.jpg]
[i.st-firmy.net/9qw9b8l/quantum-holopedia-biorezonans-healy.jpg]
[i.st-firmy.net/9qw9b8s/quantum-holopedia-biorezonans-healy.jpg]
[i.st-firmy.net/9qw9bkl/krakow-biorezonans-healy.jpg]
[i.st-firmy.net/9qw9bks/krakow-biorezonans-healy.jpg]
[quantum-holopedia.firmy.net/biorezonans-healy,VS5X.html]
[i.st-firmy.net/9qqsgvs/eeg-biofeedback-quantum-holopedia.jpg]
[i.st-firmy.net/9qqsgvl/eeg-biofeedback-quantum-holopedia.jpg]
[quantum-holopedia.firmy.net/eeg-biofeedback,557S.html]
[i.st-firmy.net/9qwftrs/eeg-biofeedback-i-biorezonans-healy-quantum-holopedia.jpg]
[i.st-firmy.net/9qwftrl/eeg-biofeedback-i-biorezonans-healy-quantum-holopedia.jpg]
[quantum-holopedia.firmy.net/eeg-biofeedback-i-biorezonans-healy,MSSM.html]
[i.st-firmy.net/9qwpkfs/healy-bioresonance-krakow.jpg]
[i.st-firmy.net/9qwpkfl/healy-bioresonance-krakow.jpg]
[quantum-holopedia.firmy.net/healy-bioresonance,MYR2.html]
[i.st-firmy.net/9qw9hms/biorezonatory-quantum-holopedia.jpg]
[i.st-firmy.net/9qw9hml/biorezonatory-quantum-holopedia.jpg]
[quantum-holopedia.firmy.net/biorezonatory,MW7R.html]
[i.st-firmy.net/9qqdcys/holobiofeedback-quantum-holopedia.jpg]
[i.st-firmy.net/9qqdcyl/holobiofeedback-quantum-holopedia.jpg]
[i.st-firmy.net/9qqf67l/holobiofeedback-krasieniec-zakupny.jpg]
[i.st-firmy.net/9qqf67s/holobiofeedback-krasieniec-zakupny.jpg]
[i.st-firmy.net/9qqf1ql/quantum-holopedia-biofeedback-holobiofeedback.jpg]
[i.st-firmy.net/9qqf1qs/quantum-holopedia-biofeedback-holobiofeedback.jpg]
[quantum-holopedia.firmy.net/holobiofeedback,5732.html]
[quantum-holopedia.firmy.net/urzadzenia-healy.html]
[quantum-holopedia.firmy.net/terapie.html]
[quantum-holopedia.firmy.net/opinie-klientow.html]
[i.st-firmy.net/995yd3s/referencja-od-firmy-kktrans.png]
[i.st-firmy.net/99kkyss/referencja-od-firmy-mard-consulting-mikkel-aagaard.png]
[i.st-firmy.net/99k5yxs/referencja-od-firmy-wadowscy-sp-z-oo.png]
[quantum-holopedia.firmy.net/referencje.html]
[connect.facebook.net/pl_PL/all.js]
[i.st-firmy.net/9qw8b8m/foto.jpg]
[quantum-holopedia.firmy.net/aktualnosciaf3f.html]
[i.st-firmy.net/c/409/4094794/gallery/265302a35a6d6c5a7e13236a07f84268.jpg]
[i.st-firmy.net/c/409/4094794/gallery/f91ea193845a3762e94ccc42e8ec1f21.jpg]
[quantum-holopedia.firmy.net/galeria905b.html]
[quantum-holopedia.firmy.net/eeg-biofeedback.html]
[quantum-holopedia.firmy.net/terapia-stresu.html]
[quantum-holopedia.firmy.net/biofeedback.html]
[i.st-firmy.net/995yd3m/referencja-od-firmy-kktrans.png]
[quantum-holopedia.firmy.net/kktrans,ref,QWRB.html]
[i.st-firmy.net/99kkysm/referencja-od-firmy-mard-consulting-mikkel-aagaard.png]
[quantum-holopedia.firmy.net/mard-consulting-mikkel-aagaard,ref,QQBP.html]
[i.st-firmy.net/99k5yxm/referencja-od-firmy-wadowscy-sp-z-oo.png]
[quantum-holopedia.firmy.net/wadowscy-sp-z-oo,ref,QW38.html]
[quantum-holopedia.firmy.net/aktualnosci.html]
[s.st-firmy.net/firmy/gfx/sprite-icons_06.png]
[s.st-firmy.net/firmy/gfx/sprite-icons-trades.png]
[s.st-firmy.net/firmy/gfx/sprite-icons-deals.png]
[s.st-firmy.net/firmy/gfx/top-background.jpg]
[s.st-firmy.net/firmy/gfx/sprite-buttons_01.png]
[s.st-firmy.net/firmy/gfx/map-cover-bg.jpg]
[s.st-firmy.net/firmy/gfx/search-history-bg.png]
[s.st-firmy.net/firmy/gfx/change-city-a-background.jpg]
[s.st-firmy.net/firmy/gfx/cards/mapa-big.jpg]
[s.st-firmy.net/firmy/gfx/logo-middle.png]
[s.st-firmy.net/firmy/gfx/logo@2x.png]
[s.st-firmy.net/firmy/gfx/logo-middle@2x.png]
[s.st-firmy.net/firmy/gfx/advertise-info-bg.jpg]
[s.st-firmy.net/firmy/gfx/sprite-icons-others.png]
[s.st-firmy.net/firmy/gfx/knowledgeBase/arrow-circle-bg.png]
[s.st-firmy.net/firmy/gfx/knowledgeBase/arrow-circle-bg@2x.png]
[s.st-firmy.net/firmy/gfx/sprite-buttons_01@2x.png]
[s.st-firmy.net/firmy/gfx/company-for-today-bgr.png]
[s.st-firmy.net/firmy/gfx/sprite-icons_06@2x.png]
[s.st-firmy.net/firmy/gfx/change-city-background.jpg]
[s.st-firmy.net/firmy/gfx/bullet-c.png]
[s.st-firmy.net/firmy/gfx/bullet-c@2x.png]
[s.st-firmy.net/firmy/gfx/bullet-d.png]
[s.st-firmy.net/firmy/gfx/bullet-d@2x.png]
[s.st-firmy.net/firmy/gfx/bullet-e.png]
[s.st-firmy.net/firmy/gfx/bullet-b.png]
[s.st-firmy.net/firmy/gfx/bullet-e@2x.png]
[s.st-firmy.net/firmy/gfx/bullet-b@2x.png]
[s.st-firmy.net/firmy/gfx/fpi/fpi-welcome-bg.jpg]
[s.st-firmy.net/firmy/gfx/landings/msw/arrow-down.png]
[s.st-firmy.net/firmy/gfx/fpi/fpi-testimonials-first-bg.jpg]
[s.st-firmy.net/firmy/gfx/fpi/fpi-testimonials-second-bg.jpg]
[s.st-firmy.net/firmy/gfx/fpi/fpi-testimonials-first-mod-a-bg.jpg]
[s.st-firmy.net/firmy/gfx/fpi/fpi-testimonials-second-mod-a-bg.jpg]
[s.st-firmy.net/firmy/gfx/fpi/fpi-testimonials-first-mod-b-bg.jpg]
[s.st-firmy.net/firmy/gfx/fpi/fpi-testimonials-second-mod-b-bg.jpg]
[s.st-firmy.net/firmy/gfx/fpi/fpi-testimonials-first-mod-c-bg.jpg]
[s.st-firmy.net/firmy/gfx/fpi/fpi-testimonials-second-mod-c-bg.jpg]
[s.st-firmy.net/firmy/gfx/fpi/fpi-testimonials-first-mod-d-bg.jpg]
[s.st-firmy.net/firmy/gfx/fpi/fpi-testimonials-second-mod-d-bg.jpg]
[s.st-firmy.net/firmy/gfx/fpi/fpi-about-welcome-bg.jpg]
[s.st-firmy.net/firmy/gfx/fpi/fpi-criteria-welcome-bg.jpg]
[s.st-firmy.net/firmy/gfx/fpi/marketer-plus-bg.png]
[s.st-firmy.net/firmy/gfx/fpi/fpi-konkurs-welcome-bg.jpg]
[s.st-firmy.net/firmy/gfx/fpi/fpi-sprite.png]
[s.st-firmy.net/firmy/gfx/fpi/fpi-sprite@2x.png]
[s.st-firmy.net/gfx/schemesNew/input-orange-bg.png]
[s.st-firmy.net/firmy/gfx/knowledgeBase/ebooks-bg.png]
[s.st-firmy.net/firmy/gfx/knowledgeBase/ebook-details-bg.png]
[s.st-firmy.net/firmy/gfx/knowledgeBase/firmer-slider-bg.png]
[s.st-firmy.net/firmy/gfx/knowledgeBase/bullet-a.png]
[s.st-firmy.net/firmy/gfx/knowledgeBase/firmer-01-bg.jpg]
[s.st-firmy.net/firmy/gfx/knowledgeBase/arrows-big.png]
[s.st-firmy.net/firmy/gfx/knowledgeBase/arrows-big@2x.png]
[s.st-firmy.net/firmy/gfx/knowledgeBase/bullet-a@2x.png]
[s.st-firmy.net/firmy/gfx/knowledgeBase/report-bg.jpg]
[s.st-firmy.net/firmy/gfx/knowledgeBase/report-box-orange-bg.png]
[s.st-firmy.net/firmy/gfx/knowledgeBase/report-box-orange-first-bg.png]
[s.st-firmy.net/firmy/gfx/knowledgeBase/report-testimonials-bg.jpg]
[s.st-firmy.net/firmy/gfx/404-bg.png]
[s.st-firmy.net/firmy/gfx/bullet-i.png]
[s.st-firmy.net/firmy/gfx/bullet-n.png]
[s.st-firmy.net/firmy/gfx/bullet-a@2x.png]
[s.st-firmy.net/firmy/gfx/bullet-g@2x.png]
[s.st-firmy.net/firmy/gfx/bullet-i@2x.png]
[s.st-firmy.net/firmy/gfx/bullet-n@2x.png]
[s.st-firmy.net/firmy/gfx/sprite-backgrounds-x.png]
[s.st-firmy.net/firmy/gfx/bullet-h.png]
[s.st-firmy.net/firmy/gfx/bullet-h@2x.png]
[s.st-firmy.net/firmy/gfx/sprite-icons-trades@2x.png]
[s.st-firmy.net/firmy/gfx/bullet-b-down.png]
[s.st-firmy.net/firmy/gfx/bullet-b-down@2x.png]
[s.st-firmy.net/firmy/gfx/sprite-icons-others@2x.png]
[s.st-firmy.net/firmy/gfx/sprite-icons-deals@2x.png]
[s.st-firmy.net/firmy/gfx/cards/business/sprite-icons.png]
[s.st-firmy.net/firmy/gfx/cards/business/sprite-icons@2x.png]
[s.st-firmy.net/firmy/gfx/logo-small.png]
[s.st-firmy.net/firmy/gfx/logo-small@2x.png]
[s.st-firmy.net/firmy/gfx/sprite-icons_04.png]
[s.st-firmy.net/firmy/gfx/sprite-icons_04@2x.png]
[s.st-firmy.net/firmy/gfx/marker-orange.png]
[s.st-firmy.net/firmy/gfx/cards/starter/marker.png]
[s.st-firmy.net/firmy/gfx/marker.png]
[s.st-firmy.net/firmy/gfx/marker-active.png]
[s.st-firmy.net/firmy/gfx/marker@2x.png]
[s.st-firmy.net/firmy/gfx/marker-cluster@2x.png]
[s.st-firmy.net/firmy/gfx/marker-active@2x.png]
[s.st-firmy.net/firmy/gfx/marker-cluster.png]
[s.st-firmy.net/firmy/gfx/bullet-g.png]
[s.st-firmy.net/firmy/gfx/logo160x42.png]
[s.st-firmy.net/firmy/gfx/logo160x42@2x.png]
[s.st-firmy.net/firmy/gfx/empty-search-icons.png]
[s.st-firmy.net/firmy/css/desktop,2b35494fec6.css]
[s.st-firmy.net/gfx/schemesNew/sprite-icons_06.html]
[s.st-firmy.net/gfx/schemesNew/sprite-icons_06@2x.html]
[s.st-firmy.net/firmy/gfx/knowledgeBase/read-more.html]
